<?xml version="1.0" encoding="UTF-8"?>
<testsuites name="CreateORM" time="26" tests="1" failures="0" errors="0">
   <testsuite name="CreateORM" tests="1" failures="0" errors="0" time="26" timestamp="2019-04-18 15:58:20" hostname="elkana.mbiti - embiti-ke.Softwaregroup-bg.com" id="Test Suites/CreateORM">
      <properties>
         <property name="deviceName" value=""/>
         <property name="devicePlatform" value=""/>
         <property name="logFolder" value="C:\\Users\\elkana.mbiti\\Katalon Studio\\OHRM\\Reports\\CreateORM\\20190418_155817"/>
         <property name="logFiles" value="C:\\Users\\elkana.mbiti\\Katalon Studio\\OHRM\\Reports\\CreateORM\\20190418_155817\\execution0.log"/>
         <property name="attachments" value=""/>
         <property name="hostName" value="elkana.mbiti - embiti-ke.Softwaregroup-bg.com"/>
         <property name="os" value="Windows 10 64bit"/>
         <property name="katalonVersion" value="6.0.5.4"/>
         <property name="browser" value="Chrome 73.0.3683.103"/>
         <property name="hostAddress" value="10.0.75.1"/>
         <property name="sessionId" value="5f480009b0917e3a219c34a441ca6546"/>
         <property name="seleniumVersion" value="3.7.1"/>
         <property name="proxyInformation" value="ProxyInformation{proxyOption=NO_PROXY, proxyServerType=HTTP, password=, proxyServerAddress=, proxyServerPort=0}"/>
         <property name="platform" value="Windows 10"/>
      </properties>
      <testcase name="Test Cases/Create employee" classname="Test Cases/Create employee" status="PASSED">
         <system-out><![CDATA[2019-04-18 15:58:21 - [TEST_CASE][PASSED] - Test Cases/Create employee: Test Cases/Create employee

2019-04-18 15:58:21 - [TEST_STEP][PASSED] - openBrowser(""): Browser is opened with url: ''

2019-04-18 15:58:21 - [MESSAGE][INFO] - Starting 'Chrome' driver

2019-04-18 15:58:22 - [MESSAGE][INFO] - Action delay is set to 0 seconds

2019-04-18 15:58:28 - [MESSAGE][PASSED] - Browser is opened with url: ''

2019-04-18 15:58:28 - [TEST_STEP][PASSED] - setViewPortSize(150, 703): Viewport is set to new size with width = 150 and height = 703

2019-04-18 15:58:30 - [MESSAGE][PASSED] - Viewport is set to new size with width = 150 and height = 703

2019-04-18 15:58:30 - [TEST_STEP][PASSED] - navigateToUrl("https://tryone-trials646.orangehrmlive.com/auth/login"): Navigate to 'https://tryone-trials646.orangehrmlive.com/auth/login' successfully

2019-04-18 15:58:33 - [MESSAGE][PASSED] - Navigate to 'https://tryone-trials646.orangehrmlive.com/auth/login' successfully

2019-04-18 15:58:33 - [TEST_STEP][PASSED] - click(findTestObject("Object Repository/Page_OrangeHRM/span_Username")): Object: 'Object Repository/Page_OrangeHRM/span_Username' is clicked on

2019-04-18 15:58:33 - [MESSAGE][PASSED] - Object: 'Object Repository/Page_OrangeHRM/span_Username' is clicked on

2019-04-18 15:58:33 - [TEST_STEP][PASSED] - setText(findTestObject("Object Repository/Page_OrangeHRM/input_LOGIN Panel_txtUsername"), "admin"): Text 'admin' is set on object 'Object Repository/Page_OrangeHRM/input_LOGIN Panel_txtUsername'

2019-04-18 15:58:33 - [MESSAGE][PASSED] - Text 'admin' is set on object 'Object Repository/Page_OrangeHRM/input_LOGIN Panel_txtUsername'

2019-04-18 15:58:33 - [TEST_STEP][PASSED] - setEncryptedText(findTestObject("Object Repository/Page_OrangeHRM/input_Username_txtPassword"), "4g1aee90KyvxujnpjxJtNg=="): Text ****** has been set on object 'Object Repository/Page_OrangeHRM/input_Username_txtPassword'

2019-04-18 15:58:33 - [MESSAGE][PASSED] - Text ****** has been set on object 'Object Repository/Page_OrangeHRM/input_Username_txtPassword'

2019-04-18 15:58:33 - [TEST_STEP][PASSED] - click(findTestObject("Object Repository/Page_OrangeHRM/input_Password_Submit")): Object: 'Object Repository/Page_OrangeHRM/input_Password_Submit' is clicked on

2019-04-18 15:58:41 - [MESSAGE][PASSED] - Object: 'Object Repository/Page_OrangeHRM/input_Password_Submit' is clicked on

2019-04-18 15:58:41 - [TEST_STEP][PASSED] - click(findTestObject("Object Repository/Page_OrangeHRM/i_keyboard_arrow_down")): Object: 'Object Repository/Page_OrangeHRM/i_keyboard_arrow_down' is clicked on

2019-04-18 15:58:41 - [MESSAGE][PASSED] - Object: 'Object Repository/Page_OrangeHRM/i_keyboard_arrow_down' is clicked on

2019-04-18 15:58:41 - [TEST_STEP][PASSED] - delay(3): Delayed 3 second(s)

2019-04-18 15:58:44 - [MESSAGE][PASSED] - Delayed 3 second(s)

2019-04-18 15:58:44 - [TEST_STEP][PASSED] - click(findTestObject("Object Repository/Page_OrangeHRM/a_Logout")): Object: 'Object Repository/Page_OrangeHRM/a_Logout' is clicked on

2019-04-18 15:58:46 - [MESSAGE][PASSED] - Object: 'Object Repository/Page_OrangeHRM/a_Logout' is clicked on]]></system-out>
         <system-err><![CDATA[]]></system-err>
      </testcase>
      <system-out><![CDATA[2019-04-18 15:58:20 - [TEST_SUITE][PASSED] - CreateORM: Test Cases/Create employee]]></system-out>
      <system-err><![CDATA[]]></system-err>
   </testsuite>
</testsuites>
